mode: set
github.com/yut-kt/goholiday/national_holiday_jp.go:17.13,18.63 1 1
github.com/yut-kt/goholiday/national_holiday_jp.go:18.63,19.13 1 0
github.com/yut-kt/goholiday/national_holiday_jp.go:24.40,25.37 1 1
github.com/yut-kt/goholiday/national_holiday_jp.go:26.2,26.10 1 1
github.com/yut-kt/goholiday/national_holiday_jp.go:25.37,25.67 1 1
github.com/yut-kt/goholiday/national_holiday_jp.go:30.42,32.50 2 1
github.com/yut-kt/goholiday/national_holiday_jp.go:33.2,33.23 1 1
github.com/yut-kt/goholiday/national_holiday_jp.go:36.2,36.42 1 1
github.com/yut-kt/goholiday/national_holiday_jp.go:32.50,32.80 1 1
github.com/yut-kt/goholiday/national_holiday_jp.go:33.23,35.3 1 0
github.com/yut-kt/goholiday/national_holiday_jp.go:40.38,42.2 1 1
github.com/yut-kt/goholiday/national_holiday_jp.go:45.57,47.2 1 1
github.com/yut-kt/goholiday/national_holiday_jp.go:50.56,52.2 1 1
github.com/yut-kt/goholiday/national_holiday_jp.go:54.72,57.30 3 1
github.com/yut-kt/goholiday/national_holiday_jp.go:62.2,62.10 1 1
github.com/yut-kt/goholiday/national_holiday_jp.go:57.30,58.77 1 1
github.com/yut-kt/goholiday/national_holiday_jp.go:58.77,60.4 1 1
github.com/yut-kt/goholiday/national_holiday_jp.go:65.43,66.50 1 1
github.com/yut-kt/goholiday/national_holiday_jp.go:67.2,67.23 1 1
github.com/yut-kt/goholiday/national_holiday_jp.go:70.2,70.50 1 1
github.com/yut-kt/goholiday/national_holiday_jp.go:66.50,66.117 1 1
github.com/yut-kt/goholiday/national_holiday_jp.go:67.23,69.3 1 1
